<?xml version="1.0" encoding="UTF-8" ?>
<testsuite errors="0" failures="0" hostname="DESKTOP-DR7V19O" name="testDir.testSecrets" tests="15" time="0.145" timestamp="2017-04-16T20:20:26">
  <properties>
    <property name="java.vendor" value="Oracle Corporation" />
    <property name="sun.java.launcher" value="SUN_STANDARD" />
    <property name="svnRep" value="file:///home/s225110/svnRep/branches/vitya2" />
    <property name="sun.management.compiler" value="HotSpot 64-Bit Tiered Compilers" />
    <property name="lib" value="lib" />
    <property name="os.name" value="Windows 10" />
    <property name="sun.boot.class.path" value="C:\Program Files\Java\jdk1.8.0_121\jre\lib\resources.jar;C:\Program Files\Java\jdk1.8.0_121\jre\lib\rt.jar;C:\Program Files\Java\jdk1.8.0_121\jre\lib\sunrsasign.jar;C:\Program Files\Java\jdk1.8.0_121\jre\lib\jsse.jar;C:\Program Files\Java\jdk1.8.0_121\jre\lib\jce.jar;C:\Program Files\Java\jdk1.8.0_121\jre\lib\charsets.jar;C:\Program Files\Java\jdk1.8.0_121\jre\lib\jfr.jar;C:\Program Files\Java\jdk1.8.0_121\jre\classes" />
    <property name="sun.desktop" value="windows" />
    <property name="java.vm.specification.vendor" value="Oracle Corporation" />
    <property name="ant.home" value="C:\apache" />
    <property name="java.runtime.version" value="1.8.0_121-b13" />
    <property name="user.name" value="bespa" />
    <property name="jsonDir" value="lib/fastjson-1.2.24.jar" />
    <property name="NameOfTest2" value="testDir.testSecrets" />
    <property name="NameOfTest1" value="testDir.testPerson" />
    <property name="user.language" value="ru" />
    <property name="sun.boot.library.path" value="C:\Program Files\Java\jdk1.8.0_121\jre\bin" />
    <property name="ant.project.default-target" value="compile" />
    <property name="ant.project.name" value="Lab5" />
    <property name="java.version" value="1.8.0_121" />
    <property name="user.timezone" value="" />
    <property name="sun.arch.data.model" value="64" />
    <property name="java.endorsed.dirs" value="C:\Program Files\Java\jdk1.8.0_121\jre\lib\endorsed" />
    <property name="localFileDir" value="//home//s225110//" />
    <property name="sun.cpu.isalist" value="amd64" />
    <property name="sun.jnu.encoding" value="Cp1251" />
    <property name="file.encoding.pkg" value="sun.io" />
    <property name="file.separator" value="\" />
    <property name="lab" value="Lab5" />
    <property name="java.specification.name" value="Java Platform API Specification" />
    <property name="java.class.version" value="52.0" />
    <property name="user.country" value="RU" />
    <property name="java.home" value="C:\Program Files\Java\jdk1.8.0_121\jre" />
    <property name="java.vm.info" value="mixed mode" />
    <property name="ant.file" value="C:\Users\bespa\IdeaProjects\Lab5\src\build.xml" />
    <property name="os.version" value="10.0" />
    <property name="path.separator" value=";" />
    <property name="java.vm.version" value="25.121-b13" />
    <property name="jarBuildName" value="Lab5.jar" />
    <property name="destAsciiDir" value="//home//s225110//Lab3OPI//trunk//localFiles" />
    <property name="user.variant" value="" />
    <property name="ant.library.dir" value="C:\apache\lib" />
    <property name="java.awt.printerjob" value="sun.awt.windows.WPrinterJob" />
    <property name="sun.io.unicode.encoding" value="UnicodeLittle" />
    <property name="awt.toolkit" value="sun.awt.windows.WToolkit" />
    <property name="sun.stdout.encoding" value="cp866" />
    <property name="user.script" value="" />
    <property name="user.home" value="C:\Users\bespa" />
    <property name="java.specification.vendor" value="Oracle Corporation" />
    <property name="java.library.path" value="C:\Program Files\Java\jdk1.8.0_121\jre\bin;C:\WINDOWS\Sun\Java\bin;C:\WINDOWS\system32;C:\WINDOWS;C:\ProgramData\Oracle\Java\javapath;%ANT_HOME%;C:\apache\bin;&quot;C:\Program Files\Java\jdk1.8.0_121&quot;;." />
    <property name="java.vendor.url" value="http://java.oracle.com/" />
    <property name="testDir" value="testDir" />
    <property name="java.vm.vendor" value="Oracle Corporation" />
    <property name="java.runtime.name" value="Java(TM) SE Runtime Environment" />
    <property name="sun.java.command" value="org.apache.tools.ant.taskdefs.optional.junit.JUnitTestRunner testDir.testSecrets skipNonTests=false filtertrace=true haltOnError=false haltOnFailure=true formatter=org.apache.tools.ant.taskdefs.optional.junit.SummaryJUnitResultFormatter showoutput=true outputtoformatters=true logfailedtests=true threadid=0 logtestlistenerevents=false formatter=org.apache.tools.ant.taskdefs.optional.junit.XMLJUnitResultFormatter,C:\Users\bespa\IdeaProjects\Lab5\src\TEST-testDir.testSecrets.xml crashfile=C:\Users\bespa\IdeaProjects\Lab5\src\junitvmwatcher2892441156959333488.properties propsfile=C:\Users\bespa\IdeaProjects\Lab5\src\junit148165294741030619.properties" />
    <property name="java.class.path" value="C:\Users\bespa\IdeaProjects\Lab5\src\lib\ant-contrib-0.6.jar;C:\Users\bespa\IdeaProjects\Lab5\src\lib\ant-junit-1.8.4.jar;C:\Users\bespa\IdeaProjects\Lab5\src\lib\fastjson-1.2.24.jar;C:\Users\bespa\IdeaProjects\Lab5\src\lib\hamcrest-core-1.3.jar;C:\Users\bespa\IdeaProjects\Lab5\src\lib\junit-4.10.jar;C:\Users\bespa\IdeaProjects\Lab5\src\out\Lab5;C:\Users\bespa\IdeaProjects\Lab5\src\out;C:\apache\lib\ant-launcher.jar;C:\apache\lib\ant.jar;C:\apache\lib\ant-junit.jar;C:\apache\lib\ant-junit4.jar" />
    <property name="ant.version" value="Apache Ant(TM) version 1.10.1 compiled on February 2 2017" />
    <property name="java.vm.specification.name" value="Java Virtual Machine Specification" />
    <property name="ant.file.type" value="file" />
    <property name="outClasses" value="out/Lab5" />
    <property name="java.vm.specification.version" value="1.8" />
    <property name="sun.cpu.endian" value="little" />
    <property name="sun.os.patch.level" value="" />
    <property name="java.io.tmpdir" value="C:\Users\bespa\AppData\Local\Temp\" />
    <property name="java.vendor.url.bug" value="http://bugreport.sun.com/bugreport/" />
    <property name="os.arch" value="amd64" />
    <property name="java.awt.graphicsenv" value="sun.awt.Win32GraphicsEnvironment" />
    <property name="java.ext.dirs" value="C:\Program Files\Java\jdk1.8.0_121\jre\lib\ext;C:\WINDOWS\Sun\Java\lib\ext" />
    <property name="user.dir" value="C:\Users\bespa\IdeaProjects\Lab5\src" />
    <property name="line.separator" value="&#xd;&#xa;" />
    <property name="java.vm.name" value="Java HotSpot(TM) 64-Bit Server VM" />
    <property name="basedir" value="C:\Users\bespa\IdeaProjects\Lab5\src" />
    <property name="ant.java.version" value="1.8" />
    <property name="ant.core.lib" value="C:\apache\lib\ant.jar" />
    <property name="file.encoding" value="Cp1251" />
    <property name="out" value="out" />
    <property name="sun.stderr.encoding" value="cp866" />
    <property name="ant.file.Lab5" value="C:\Users\bespa\IdeaProjects\Lab5\src\build.xml" />
    <property name="ant.file.type.Lab5" value="file" />
    <property name="java.specification.version" value="1.8" />
    <property name="ant.project.invoked-targets" value="test" />
  </properties>
  <testcase classname="testDir.testSecrets" name="testOpenSecretWithOpenerAndNumber" time="0.002" />
  <testcase classname="testDir.testSecrets" name="testSetGiver" time="0.0" />
  <testcase classname="testDir.testSecrets" name="testToString" time="0.0" />
  <testcase classname="testDir.testSecrets" name="testSetThing" time="0.0" />
  <testcase classname="testDir.testSecrets" name="testCsize" time="0.0" />
  <testcase classname="testDir.testSecrets" name="testEquals" time="0.0" />
  <testcase classname="testDir.testSecrets" name="testSetHW" time="0.0" />
  <testcase classname="testDir.testSecrets" name="testGiver" time="0.0" />
  <testcase classname="testDir.testSecrets" name="testSetWS" time="0.0" />
  <testcase classname="testDir.testSecrets" name="testCgiver" time="0.0" />
  <testcase classname="testDir.testSecrets" name="testPod" time="0.001" />
  <testcase classname="testDir.testSecrets" name="testComp" time="0.0" />
  <testcase classname="testDir.testSecrets" name="testCthing" time="0.0" />
  <testcase classname="testDir.testSecrets" name="testCweight" time="0.0" />
  <testcase classname="testDir.testSecrets" name="testOpenSecretWithOpener" time="0.0" />
  <system-out><![CDATA[Vasya РѕС‚РєСЂС‹РІР°РµС‚ 5 РїРѕРґР°СЂРѕРє! 
Vasya РѕС‚РєСЂС‹РІР°РµС‚ РїРѕРґР°СЂРѕРє! 
]]></system-out>
  <system-err><![CDATA[]]></system-err>
</testsuite>
